<?xml version="1.0" encoding="UTF-8"?>
<testsuite name="com.tekartik.sqflite.SqlCommandTest" tests="3" skipped="0" failures="0" errors="0" timestamp="2023-01-11T13:37:02" hostname="Qayyums-MacBook-Pro.local" time="0.002">
  <properties/>
  <testcase name="equals" classname="com.tekartik.sqflite.SqlCommandTest" time="0.0"/>
  <testcase name="sqlArguments" classname="com.tekartik.sqflite.SqlCommandTest" time="0.0"/>
  <testcase name="noParam" classname="com.tekartik.sqflite.SqlCommandTest" time="0.0"/>
  <system-out><![CDATA[]]></system-out>
  <system-err><![CDATA[]]></system-err>
</testsuite>
