<?xml version="1.0" encoding="UTF-8"?>
<testsuite name="com.tekartik.sqflite.ConstantTest" tests="1" skipped="0" failures="0" errors="0" timestamp="2023-01-11T13:37:02" hostname="Qayyums-MacBook-Pro.local" time="0.0">
  <properties/>
  <testcase name="key" classname="com.tekartik.sqflite.ConstantTest" time="0.0"/>
  <system-out><![CDATA[]]></system-out>
  <system-err><![CDATA[]]></system-err>
</testsuite>
