<?xml version="1.0" encoding="UTF-8"?>
<testsuite name="com.tekartik.sqflite.LogLevelTest" tests="1" skipped="0" failures="0" errors="0" timestamp="2023-01-11T13:37:01" hostname="Qayyums-MacBook-Pro.local" time="0.001">
  <properties/>
  <testcase name="hasSqlLogLevel" classname="com.tekartik.sqflite.LogLevelTest" time="0.001"/>
  <system-out><![CDATA[]]></system-out>
  <system-err><![CDATA[]]></system-err>
</testsuite>
