<?xml version="1.0" encoding="UTF-8"?>
<testsuite name="io.flutter.plugins.sharedpreferences.SharedPreferencesTest" tests="1" skipped="0" failures="0" errors="0" timestamp="2023-01-11T13:36:57" hostname="Qayyums-MacBook-Pro.local" time="0.002">
  <properties/>
  <testcase name="initPluginDoesNotThrow" classname="io.flutter.plugins.sharedpreferences.SharedPreferencesTest" time="0.002"/>
  <system-out><![CDATA[]]></system-out>
  <system-err><![CDATA[]]></system-err>
</testsuite>
